Arguments: 
  C:\Program Files\nodejs\node.exe C:\Users\DELL\AppData\Roaming\npm\node_modules\yarn\bin\yarn.js add vue3-ace-editor

PATH: 
  C:\Program Files\Eclipse Foundation\jdk-8.0.302.8-hotspot\bin;C:\Windows\system32;C:\Windows;C:\Windows\System32\Wbem;C:\Windows\System32\WindowsPowerShell\v1.0\;C:\Windows\System32\OpenSSH\;C:\Program Files\Git\cmd;C:\Users\DELL\AppData\Local\Programs\Python\Python311\Scripts;C:\ProgramData\chocolatey\bin;C:\Program Files\nodejs\;C:\Users\DELL\AppData\Local\Microsoft\WindowsApps;C:\Users\DELL\AppData\Local\Programs\Microsoft VS Code\bin;C:\Users\DELL\AppData\Local\Programs\Python\Python311\Scripts;C:\Users\DELL\AppData\Roaming\npm

Yarn version: 
  1.22.19

Node version: 
  16.19.0

Platform: 
  win32 x64

Trace: 
  Error: EPERM: operation not permitted, unlink 'E:\xushengkai\nz\quantui\node_modules\@esbuild\win32-x64\esbuild.exe'

npm manifest: 
  {
    "name": "quantui",
    "version": "0.0.0",
    "private": true,
    "scripts": {
      "serve": "vue-cli-service serve",
      "build": "vue-cli-service build",
      "lint": "vue-cli-service lint",
      "build-only": "vite build",
      "dev": "vite",
      "preview": "vite preview",
      "type-check": "vue-tsc --noEmit -p tsconfig.app.json --composite false"
    },
    "dependencies": {
      "core-js": "^3.8.3",
      "csvtojson": "^2.0.10",
      "echarts": "^5.4.3",
      "fs": "^0.0.1-security",
      "lightweight-charts": "^4.0.1",
      "navigation-drawer": "^1.0.15",
      "vue": "^3.3.4",
      "vue-cli": "^2.9.6",
      "vue-router": "^4.2.4",
      "vue3-table": "^1.0.0",
      "vuetify": "^3.3.9"
    },
    "devDependencies": {
      "@babel/core": "^7.12.16",
      "@babel/eslint-parser": "^7.12.16",
      "@tsconfig/node18": "^2.0.1",
      "@types/node": "^18.16.19",
      "@vitejs/plugin-vue": "^4.2.3",
      "@vitejs/plugin-vue-jsx": "^3.0.1",
      "@vue/cli-plugin-babel": "~5.0.0",
      "@vue/cli-plugin-eslint": "~5.0.0",
      "@vue/cli-service": "~5.0.0",
      "@vue/tsconfig": "^0.4.0",
      "eslint": "^7.32.0",
      "eslint-plugin-vue": "^8.0.3",
      "npm-run-all": "^4.1.5",
      "typescript": "~5.0.4",
      "vite": "^4.3.9",
      "vue-tsc": "^1.6.5"
    },
    "eslintConfig": {
      "root": true,
      "env": {
        "node": true
      },
      "extends": [
        "plugin:vue/vue3-essential",
        "eslint:recommended"
      ],
      "parserOptions": {
        "parser": "@babel/eslint-parser"
      },
      "rules": {}
    },
    "browserslist": [
      "> 1%",
      "last 2 versions",
      "not dead",
      "not ie 11"
    ],
    "_id": "quantui@0.0.0",
    "readme": "ERROR: No README data found!"
  }

yarn manifest: 
  No manifest

Lockfile: 
  No lockfile
